<?xml version="1.0" encoding="UTF-8"?>
<testsuite name="com.Backend.BackendApplicationTests" tests="1" skipped="0" failures="0" errors="0" timestamp="2023-10-18T20:41:11" hostname="DESKTOP-VM393MV" time="3.858">
  <properties/>
  <testcase name="contextLoads()" classname="com.Backend.BackendApplicationTests" time="3.858"/>
  <system-out><![CDATA[17:41:02.562 [Test worker] INFO org.springframework.test.context.support.AnnotationConfigContextLoaderUtils -- Could not detect default configuration classes for test class [com.Backend.BackendApplicationTests]: BackendApplicationTests does not declare any static, non-private, non-final, nested classes annotated with @Configuration.
17:41:02.772 [Test worker] INFO org.springframework.boot.test.context.SpringBootTestContextBootstrapper -- Found @SpringBootConfiguration com.Backend.BackendApplication for test class com.Backend.BackendApplicationTests

  .   ____          _            __ _ _
 /\\ / ___'_ __ _ _(_)_ __  __ _ \ \ \ \
( ( )\___ | '_ | '_| | '_ \/ _` | \ \ \ \
 \\/  ___)| |_)| | | | | || (_| |  ) ) ) )
  '  |____| .__|_| |_|_| |_\__, | / / / /
 =========|_|==============|___/=/_/_/_/
 :: Spring Boot ::                (v3.1.4)

2023-10-18T17:41:03.292-03:00  INFO 2372 --- [    Test worker] com.Backend.BackendApplicationTests      : Starting BackendApplicationTests using Java 17.0.8 with PID 2372 (started by joaco in C:\Users\joaco\OneDrive\Escritorio\Desarrollo\desarrolloProyecto\Backend)
2023-10-18T17:41:03.303-03:00  INFO 2372 --- [    Test worker] com.Backend.BackendApplicationTests      : No active profile set, falling back to 1 default profile: "default"
2023-10-18T17:41:03.939-03:00  INFO 2372 --- [    Test worker] .s.d.r.c.RepositoryConfigurationDelegate : Bootstrapping Spring Data JPA repositories in DEFAULT mode.
2023-10-18T17:41:04.043-03:00  INFO 2372 --- [    Test worker] .s.d.r.c.RepositoryConfigurationDelegate : Finished Spring Data repository scanning in 95 ms. Found 12 JPA repository interfaces.
2023-10-18T17:41:04.592-03:00  INFO 2372 --- [    Test worker] o.hibernate.jpa.internal.util.LogHelper  : HHH000204: Processing PersistenceUnitInfo [name: default]
2023-10-18T17:41:04.682-03:00  INFO 2372 --- [    Test worker] org.hibernate.Version                    : HHH000412: Hibernate ORM core version 6.2.9.Final
2023-10-18T17:41:04.689-03:00  INFO 2372 --- [    Test worker] org.hibernate.cfg.Environment            : HHH000406: Using bytecode reflection optimizer
2023-10-18T17:41:04.822-03:00  INFO 2372 --- [    Test worker] o.h.e.boot.internal.EnversServiceImpl    : Envers integration enabled? : true
2023-10-18T17:41:04.843-03:00  INFO 2372 --- [    Test worker] o.h.b.i.BytecodeProviderInitiator        : HHH000021: Bytecode provider name : bytebuddy
2023-10-18T17:41:04.973-03:00  INFO 2372 --- [    Test worker] o.s.o.j.p.SpringPersistenceUnitInfo      : No LoadTimeWeaver setup: ignoring JPA class transformer
2023-10-18T17:41:04.989-03:00  INFO 2372 --- [    Test worker] com.zaxxer.hikari.HikariDataSource       : HikariPool-1 - Starting...
2023-10-18T17:41:06.219-03:00  INFO 2372 --- [    Test worker] com.zaxxer.hikari.pool.HikariPool        : HikariPool-1 - Added connection com.mysql.cj.jdbc.ConnectionImpl@280d5a82
2023-10-18T17:41:06.222-03:00  INFO 2372 --- [    Test worker] com.zaxxer.hikari.HikariDataSource       : HikariPool-1 - Start completed.
2023-10-18T17:41:06.273-03:00  WARN 2372 --- [    Test worker] org.hibernate.orm.deprecation            : HHH90000026: MySQL8Dialect has been deprecated; use org.hibernate.dialect.MySQLDialect instead
2023-10-18T17:41:06.709-03:00  INFO 2372 --- [    Test worker] o.h.b.i.BytecodeProviderInitiator        : HHH000021: Bytecode provider name : bytebuddy
2023-10-18T17:41:07.432-03:00  INFO 2372 --- [    Test worker] o.h.e.t.j.p.i.JtaPlatformInitiator       : HHH000490: Using JtaPlatform implementation: [org.hibernate.engine.transaction.jta.platform.internal.NoJtaPlatform]
2023-10-18T17:41:07.580-03:00  INFO 2372 --- [    Test worker] j.LocalContainerEntityManagerFactoryBean : Initialized JPA EntityManagerFactory for persistence unit 'default'
2023-10-18T17:41:07.930-03:00  INFO 2372 --- [    Test worker] o.s.d.j.r.query.QueryEnhancerFactory     : Hibernate is in classpath; If applicable, HQL parser will be used.
2023-10-18T17:41:09.915-03:00  INFO 2372 --- [    Test worker] com.Backend.BackendApplicationTests      : Started BackendApplicationTests in 6.849 seconds (process running for 9.016)
Hibernate: insert into usuario (activo,fecha_alta,fecha_baja,fecha_modificacion,password,rol,username) values (?,?,?,?,?,?,?)
Hibernate: insert into cliente (apellido,email,fecha_alta,fecha_baja,fecha_modificacion,nombre,telefono,id_usuario) values (?,?,?,?,?,?,?,?)
Hibernate: insert into domicilio (calle,id_cliente,codigo_postal,fecha_alta,fecha_baja,fecha_modificacion,localidad,numero,numero_vivienda,piso_vivienda) values (?,?,?,?,?,?,?,?,?,?)
Hibernate: insert into pedido (id_cliente,id_domicilio_entrega,estado,fecha_alta,fecha_baja,fecha_modificacion,fecha_pedido,forma_pago,hora_estimada_finalizacion,tipo_envio,total,total_costo) values (?,?,?,?,?,?,?,?,?,?,?,?)
Hibernate: insert into factura (fecha_alta,fecha_baja,fecha_facturacion,fecha_modificacion,forma_pago,mp_merchant_order_id,mp_payment_id,mp_payment_type,mp_preference_id,id_pedido,total_venta) values (?,?,?,?,?,?,?,?,?,?,?)
Hibernate: insert into rubro_articulo (denominacion,fecha_alta,fecha_baja,fecha_modificacion,id_rubro_padre) values (?,?,?,?,?)
Hibernate: insert into rubro_articulo (denominacion,fecha_alta,fecha_baja,fecha_modificacion,id_rubro_padre) values (?,?,?,?,?)
Hibernate: insert into rubro_articulo (denominacion,fecha_alta,fecha_baja,fecha_modificacion,id_rubro_padre) values (?,?,?,?,?)
Hibernate: insert into rubro_articulo (denominacion,fecha_alta,fecha_baja,fecha_modificacion,id_rubro_padre) values (?,?,?,?,?)
Hibernate: insert into unidad_medida (abreviatura,denominacion,fecha_alta,fecha_baja,fecha_modificacion) values (?,?,?,?,?)
Hibernate: insert into articulo_insumo (denominacion,fecha_alta,fecha_baja,fecha_modificacion,precio_compra,id_rubro_articulo,stock_actual,stock_minimo,id_unidad_medida,url_imagen) values (?,?,?,?,?,?,?,?,?,?)
Hibernate: insert into articulo_manufacturado (costo,denominacion,descripcion,fecha_alta,fecha_baja,fecha_modificacion,precio_venta,tiempo_estimado_cocina,url_imagen) values (?,?,?,?,?,?,?,?,?)
Hibernate: insert into detalle_factura (id_articulo_insumo,id_articulo_manufacturado,cantidad,id_factura,fecha_alta,fecha_baja,fecha_modificacion,subtotal) values (?,?,?,?,?,?,?,?)
]]></system-out>
  <system-err><![CDATA[]]></system-err>
</testsuite>
